<?xml version="1.0" encoding="UTF-8"?>
<testsuite xmlns:xsi="http://www.w3.org/2001/XMLSchema-instance" xsi:noNamespaceSchemaLocation="https://maven.apache.org/surefire/maven-surefire-plugin/xsd/surefire-test-report.xsd" version="3.0.2" name="TestSuite" time="372.151" tests="3" errors="0" skipped="0" failures="0">
  <properties>
[...]
</properties>
  <testcase name="landonpage" classname="AMZEcommerceTest.AMZONReviewTest" time="137.998">
    <system-out><![CDATA[Next page button not found.
]]></system-out>
    <system-err><![CDATA[SLF4J(W): No SLF4J providers were found.
SLF4J(W): Defaulting to no-operation (NOP) logger implementation
SLF4J(W): See https://www.slf4j.org/codes.html#noProviders for further details.
Starting ChromeDriver 135.0.7049.95 (de2eb485a1951079e63bdb57ce25544d2dc79c15-refs/branch-heads/7049@{#1836}) on port 2791
Only local connections are allowed.
Please see https://chromedriver.chromium.org/security-considerations for suggestions on keeping ChromeDriver safe.
ChromeDriver was started successfully on port 2791.
Apr 20, 2025 11:47:08 AM org.openqa.selenium.remote.ProtocolHandshake createSession
INFO: Detected dialect: W3C
]]></system-err>
  </testcase>
  <testcase name="landonpageM" classname="AMZEcommerceTest.AMZONReviewTestMozila" time="128.059">
    <system-out><![CDATA[Next page button not found.
]]></system-out>
    <system-err><![CDATA[1745129955737	geckodriver	INFO	Listening on 127.0.0.1:15604
1745129955835	mozrunner::runner	INFO	Running command: "C:\\Program Files\\Mozilla Firefox\\firefox.exe" "--marionette" "-no-remote" "-profile" "C:\\Users\\gyana\\AppData\\Local\\Temp\\rust_mozprofilemvqwNA"
console.warn: services.settings: Ignoring preference override of remote settings server
console.warn: services.settings: Allow by setting MOZ_REMOTE_SETTINGS_DEVTOOLS=1 in the environment
1745129968813	Marionette	INFO	Marionette enabled
Dynamically enable window occlusion 0
1745129974355	Marionette	INFO	Listening on port 51345
Read port: 51345
1745129975805	RemoteAgent	WARN	TLS certificate errors will be ignored for this session
Apr 20, 2025 11:49:46 AM org.openqa.selenium.remote.ProtocolHandshake createSession
INFO: Detected dialect: W3C
JavaScript warning: https://www.amazon.in/, line 3645: WEBGL_debug_renderer_info is deprecated in Firefox and will be removed. Please use RENDERER.
JavaScript warning: https://m.media-amazon.com/images/I/71hE7IvdPvL.js?AUIClients/FWCIMAssets, line 298: WEBGL_debug_renderer_info is deprecated in Firefox and will be removed. Please use RENDERER.
JavaScript warning: https://www.amazon.in/s/ref=nb_sb_noss_1?url=search-alias%3Daps&field-keywords=Xiaomi+108+cm+%2843+inches%29+A+Pro+4K&crid=84SRJBSGQ5BC&sprefix=xiaomi+108+cm+43+inches+a+pro+4k%2Caps%2C778, line 9355: WEBGL_debug_renderer_info is deprecated in Firefox and will be removed. Please use RENDERER.
JavaScript warning: https://www.amazon.in/Xiaomi-inches-Vision-Google-L43MA-AUIN/dp/B0DBRL1SYQ/ref=sr_1_3?crid=84SRJBSGQ5BC&dib=eyJ2IjoiMSJ9.zSVY-OesP-cxuGTgA5yTVTHin_G-PKaNzN2f_HwI_eChREqdAGCfOeSJDmV6kn5w-GksJLcrH4KlRjt1irozcJR61KIpAnHmS7cp24FxPWpi8GZ3fd5f-5-tA5rgXFBMsO15guvm09kNJx4eLyQhZDXuhIDT2wXJp6jziWOCLbWRKMExgQftI4qCPNe8fAlCZ_cM36qwTxmBMFgI3AUoN5q_6XfHsnWZq6TVazuqASk.J4v5etRgHBUt_RF-ii7dTRovcs3zNcf_qPkUBDgLaGQ&dib_tag=se&keywords=Xiaomi+108+cm+%2843+inches%29+A+Pro+4K&nsdOptOutParam=true&qid=1745130002&sprefix=xiaomi+108+cm+43+inches+a+pro+4k%2Caps%2C778&sr=8-3, line 12782: WEBGL_debug_renderer_info is deprecated in Firefox and will be removed. Please use RENDERER.
JavaScript warning: https://www.amazon.in/ap/signin?openid.pape.max_auth_age=3600&openid.return_to=https%3A%2F%2Fwww.amazon.in%2Fproduct-reviews%2FB0DBRL1SYQ%2Fref%3Dcm_cr_dp_d_show_all_btm%3Fie%3DUTF8%26reviewerType%3Dall_reviews&openid.identity=http%3A%2F%2Fspecs.openid.net%2Fauth%2F2.0%2Fidentifier_select&openid.assoc_handle=inflex&openid.mode=checkid_setup&language=en_IN&openid.claimed_id=http%3A%2F%2Fspecs.openid.net%2Fauth%2F2.0%2Fidentifier_select&openid.ns=http%3A%2F%2Fspecs.openid.net%2Fauth%2F2.0, line 2633: WEBGL_debug_renderer_info is deprecated in Firefox and will be removed. Please use RENDERER.
console.warn: LoginRecipes: "Falling back to a synchronous message for: https://www.amazon.in."
console.warn: LoginRecipes: "Falling back to a synchronous message for: https://www.amazon.in."
JavaScript warning: https://images-eu.ssl-images-amazon.com/images/I/71NUiPvKWxL.js?AUIClients/FWCIMAssets, line 298: WEBGL_debug_renderer_info is deprecated in Firefox and will be removed. Please use RENDERER.
console.error: ({})
console.warn: LoginRecipes: "Falling back to a synchronous message for: https://www.amazon.in."
JavaScript warning: https://images-eu.ssl-images-amazon.com/images/I/81dH9+J7usL.js?AUIClients/FWCIMAssets, line 298: WEBGL_debug_renderer_info is deprecated in Firefox and will be removed. Please use RENDERER.
console.warn: LoginRecipes: "Falling back to a synchronous message for: https://www.amazon.in."
JavaScript warning: https://www.amazon.in/product-reviews/B0DBRL1SYQ/ref=cm_cr_dp_d_show_all_btm?ie=UTF8&reviewerType=all_reviews, line 4102: WEBGL_debug_renderer_info is deprecated in Firefox and will be removed. Please use RENDERER.
[Parent 17064, IPC I/O Parent] WARNING: Failed to launch utility subprocess @SetSecurityLevelForUtilityProcess (Error:0): file /builds/worker/checkouts/gecko/ipc/glue/GeckoChildProcessHost.cpp:805
[Parent 17064, IPC I/O Parent] WARNING: Failed to launch utility subprocess @SetSecurityLevelForUtilityProcess (Error:0): file /builds/worker/checkouts/gecko/ipc/glue/GeckoChildProcessHost.cpp:805
[Parent 17064, IPC I/O Parent] WARNING: Failed to launch utility subprocess @SetSecurityLevelForUtilityProcess (Error:0): file /builds/worker/checkouts/gecko/ipc/glue/GeckoChildProcessHost.cpp:805
JavaScript warning: https://m.media-amazon.com/images/I/71hE7IvdPvL.js?AUIClients/FWCIMAssets, line 298: WEBGL_debug_renderer_info is deprecated in Firefox and will be removed. Please use RENDERER.
[Parent 17064, IPC I/O Parent] WARNING: Failed to launch utility subprocess @SetSecurityLevelForUtilityProcess (Error:0): file /builds/worker/checkouts/gecko/ipc/glue/GeckoChildProcessHost.cpp:805
[Parent 17064, IPC I/O Parent] WARNING: Failed to launch utility subprocess @SetSecurityLevelForUtilityProcess (Error:0): file /builds/worker/checkouts/gecko/ipc/glue/GeckoChildProcessHost.cpp:805
[Parent 17064, IPC I/O Parent] WARNING: Failed to launch utility subprocess @SetSecurityLevelForUtilityProcess (Error:0): file /builds/worker/checkouts/gecko/ipc/glue/GeckoChildProcessHost.cpp:805
[Parent 17064, IPC I/O Parent] WARNING: Failed to launch utility subprocess @SetSecurityLevelForUtilityProcess (Error:0): file /builds/worker/checkouts/gecko/ipc/glue/GeckoChildProcessHost.cpp:805
[Parent 17064, IPC I/O Parent] WARNING: Failed to launch utility subprocess @SetSecurityLevelForUtilityProcess (Error:0): file /builds/worker/checkouts/gecko/ipc/glue/GeckoChildProcessHost.cpp:805
1745130075367	Marionette	INFO	Stopped listening on port 51345
JavaScript warning: https://www.amazon.in/s/ref=nb_sb_noss_1?url=search-alias%3Daps&field-keywords=Xiaomi+108+cm+%2843+inches%29+A+Pro+4K&crid=84SRJBSGQ5BC&sprefix=xiaomi+108+cm+43+inches+a+pro+4k%2Caps%2C778, line 9356: Script terminated by timeout at:
A@https://www.amazon.in/s/ref=nb_sb_noss_1?url=search-alias%3Daps&field-keywords=Xiaomi+108+cm+%2843+inches%29+A+Pro+4K&crid=84SRJBSGQ5BC&sprefix=xiaomi+108+cm+43+inches+a+pro+4k%2Caps%2C778:9356:748
T@https://www.amazon.in/s/ref=nb_sb_noss_1?url=search-alias%3Daps&field-keywords=Xiaomi+108+cm+%2843+inches%29+A+Pro+4K&crid=84SRJBSGQ5BC&sprefix=xiaomi+108+cm+43+inches+a+pro+4k%2Caps%2C778:9356:1172

JavaScript warning: https://m.media-amazon.com/images/I/41Z4BERiSyL.js, line 1: Script terminated by timeout at:
e@https://m.media-amazon.com/JavaScript warning: https://m.media-amazon.com/images/I/71hE7IvdPvL.js?AUIClients/FWCIMAssets, line 298: WEBGL_debug_renderer_info is deprecated in Firefox and will be removed. Please use RENDERER.
images/I/41Z4BERiSyL.js:1:7864

Dynamically enable window occlusion 1
console.error: "Could not download new icon" ({})
console.error: "Could not download new icon" ({})
]]></system-err>
  </testcase>
  <testcase name="landonpageM" classname="AMZEcommerceTest.AMZONReviewTestMozila" time="103.859">
    <system-out><![CDATA[PASSED: landonpage
PASSED: landonpageM

===============================================
    Amz Test
    Tests run: 2, Failures: 0, Skips: 0
===============================================

Next page button not found.
]]></system-out>
    <system-err><![CDATA[1745130080474	geckodriver	INFO	Listening on 127.0.0.1:38982
1745130080550	mozrunner::runner	INFO	Running command: "C:\\Program Files\\Mozilla Firefox\\firefox.exe" "--marionette" "-no-remote" "-profile" "C:\\Users\\gyana\\AppData\\Local\\Temp\\rust_mozprofileXi8Zln"
console.warn: services.settings: Ignoring preference override of remote settings server
console.warn: services.settings: Allow by setting MOZ_REMOTE_SETTINGS_DEVTOOLS=1 in the environment
1745130082103	Marionette	INFO	Marionette enabled
Dynamically enable window occlusion 0
1745130084239	Marionette	INFO	Listening on port 51807
Read port: 51807
1745130084746	RemoteAgent	WARN	TLS certificate errors will be ignored for this session
Apr 20, 2025 11:51:31 AM org.openqa.selenium.remote.ProtocolHandshake createSession
INFO: Detected dialect: W3C
JavaScript warning: https://www.amazon.in/, line 3744: WEBGL_debug_renderer_info is deprecated in Firefox and will be removed. Please use RENDERER.
JavaScript warning: https://m.media-amazon.com/images/I/71hE7IvdPvL.js?AUIClients/FWCIMAssets, line 298: WEBGL_debug_renderer_info is deprecated in Firefox and will be removed. Please use RENDERER.
JavaScript warning: https://www.amazon.in/s/ref=nb_sb_noss_1?url=search-alias%3Daps&field-keywords=Xiaomi+108+cm+%2843+inches%29+A+Pro+4K&crid=3RASZMISD60XE&sprefix=xiaomi+108+cm+43+inches+a+pro+4k%2Caps%2C733, line 8993: WEBGL_debug_renderer_info is deprecated in Firefox and will be removed. Please use RENDERER.
JavaScript warning: https://www.amazon.in/Xiaomi-inches-Vision-Google-L43MA-AUIN/dp/B0DBRL1SYQ/ref=sr_1_3?crid=3RASZMISD60XE&dib=eyJ2IjoiMSJ9.zSVY-OesP-cxuGTgA5yTVZ7w6_G1-vSudA1LYTntw_cI7UnD-9aJIIEMFd4Uuch0e0B7pxg4BvzOBLsnwjnbYT3SoNphXdIbf1mF72TZy0qu220aWE8ukU56oL-q90ZOsO15guvm09kNJx4eLyQhZIEomDxIl4UW6Jr3ymnzCkPak7bczDE-hUf2hF4IN3I1UeSF9V5HGfoZrORnH2KNy5E1ZumF67N99Odv1-8TUTQ.-cCFNM08PItiJKZH9vhXajvY66R_tywpGghwikPzlJw&dib_tag=se&keywords=Xiaomi+108+cm+%2843+inches%29+A+Pro+4K&nsdOptOutParam=true&qid=1745130105&sprefix=xiaomi+108+cm+43+inches+a+pro+4k%2Caps%2C733&sr=8-3, line 12860: WEBGL_debug_renderer_info is deprecated in Firefox and will be removed. Please use RENDERER.
JavaScript warning: https://www.amazon.in/ap/signin?openid.pape.max_auth_age=3600&openid.return_to=https%3A%2F%2Fwww.amazon.in%2Fproduct-reviews%2FB0DBRL1SYQ%2Fref%3Dcm_cr_dp_d_show_all_btm%3Fie%3DUTF8%26reviewerType%3Dall_reviews&openid.identity=http%3A%2F%2Fspecs.openid.net%2Fauth%2F2.0%2Fidentifier_select&openid.assoc_handle=inflex&openid.mode=checkid_setup&language=en_IN&openid.claimed_id=http%3A%2F%2Fspecs.openid.net%2Fauth%2F2.0%2Fidentifier_select&openid.ns=http%3A%2F%2Fspecs.openid.net%2Fauth%2F2.0, line 2656: WEBGL_debug_renderer_info is deprecated in Firefox and will be removed. Please use RENDERER.
console.warn: LoginRecipes: "Falling back to a synchronous message for: https://www.amazon.in."
console.warn: LoginRecipes: "Falling back to a synchronous message for: https://www.amazon.in."
JavaScript warning: https://images-eu.ssl-images-amazon.com/images/I/71NUiPvKWxL.js?AUIClients/FWCIMAssets, line 298: WEBGL_debug_renderer_info is deprecated in Firefox and will be removed. Please use RENDERER.
console.error: ({})
console.warn: LoginRecipes: "Falling back to a synchronous message for: https://www.amazon.in."
console.warn: LoginRecipes: "Falling back to a synchronous message for: https://www.amazon.in."
JavaScript warning: https://images-eu.ssl-images-amazon.com/images/I/81dH9+J7usL.js?AUIClients/FWCIMAssets, line 298: WEBGL_debug_renderer_info is deprecated in Firefox and will be removed. Please use RENDERER.
JavaScript error: resource://gre/actors/FormHandlerChild.sys.mjs, line 103: InvalidStateError: JSWindowActorChild.document getter: Cannot access property 'document' after actor 'FormHandler' has been destroyed
JavaScript warning: https://www.amazon.in/product-reviews/B0DBRL1SYQ/ref=cm_cr_dp_d_show_all_btm?ie=UTF8&reviewerType=all_reviews, line 4271: WEBGL_debug_renderer_info is deprecated in Firefox and will be removed. Please use RENDERER.
[Parent 16380, IPC I/O Parent] WARNING: Failed to launch utility subprocess @SetSecurityLevelForUtilityProcess (Error:0): file /builds/worker/checkouts/gecko/ipc/glue/GeckoChildProcessHost.cpp:805
[Parent 16380, IPC I/O Parent] WARNING: Failed to launch utility subprocess @SetSecurityLevelForUtilityProcess (Error:0): file /builds/worker/checkouts/gecko/ipc/glue/GeckoChildProcessHost.cpp:805
[Parent 16380, IPC I/O Parent] WARNING: Failed to launch utility subprocess @SetSecurityLevelForUtilityProcess (Error:0): file /builds/worker/checkouts/gecko/ipc/glue/GeckoChildProcessHost.cpp:805
[Parent 16380, IPC I/O Parent] WARNING: Failed to launch utility subprocess @SetSecurityLevelForUtilityProcess (Error:0): file /builds/worker/checkouts/gecko/ipc/glue/GeckoChildProcessHost.cpp:805
JavaScript warning: https://m.media-amazon.com/images/I/71hE7IvdPvL.js?AUIClients/FWCIMAssets, line 298: WEBGL_debug_renderer_info is deprecated in Firefox and will be removed. Please use RENDERER.
[Parent 16380, IPC I/O Parent] WARNING: Failed to launch utility subprocess @SetSecurityLevelForUtilityProcess (Error:0): file /builds/worker/checkouts/gecko/ipc/glue/GeckoChildProcessHost.cpp:805
[Parent 16380, IPC I/O Parent] WARNING: Failed to launch utility subprocess @SetSecurityLevelForUtilityProcess (Error:0): file /builds/worker/checkouts/gecko/ipc/glue/GeckoChildProcessHost.cpp:805
[Parent 16380, IPC I/O Parent] WARNING: Failed to launch utility subprocess @SetSecurityLevelForUtilityProcess (Error:0): file /builds/worker/checkouts/gecko/ipc/glue/GeckoChildProcessHost.cpp:805
[Parent 16380, IPC I/O Parent] WARNING: Failed to launch utility subprocess @SetSecurityLevelForUtilityProcess (Error:0): file /builds/worker/checkouts/gecko/ipc/glue/GeckoChildProcessHost.cpp:805
1745130179571	Marionette	INFO	Stopped listening on port 51807
JavaScript warning: https://images-eu.ssl-images-amazon.com/images/I/514I0Eu-jKL._RC|71QU8anchEL.js,01F+A05ogQL.js,01VfhmbHmKL.js,71a9SkUZv7L.js,01cZ21lATAL.js,01bAfFgS7JL.js,01A2AtmCtlL.js,41jBieyCvYL.js,01wXnKULArL.js,01+pnQJuQ0L.js,21Nno1jWfVL.js,41zFN9UysJL.js,51bqZ2XqJyL.js,31XO9BO1OrL.js,11lw6J7z8iL.js,31NSDarX4TL.js,01VYGE8lGhL.js_.js?AUIClients/NavDesktopUberAsset#desktop.language-en.in.1173925-T1.1089549-T1.1051334-T1.1195494-T1.1126664-T1.310484-T1.1179039-T1.1172084-T1.1195549-T1, line 135: Script terminated by timeout at:
onEnter/y<@https://images-eu.ssl-images-amazon.com/images/I/514I0Eu-jKL._RC|71QU8anchEL.js,01F+A05ogQL.js,01VfhmbHmKL.js,71a9SkUZv7L.js,01cZ21lATAL.js,01bAfFgS7JL.js,01A2AtmCtlL.js,41jBieyCvYL.js,01wXnKULArL.js,01+pnQJuQ0L.js,21Nno1jWfVL.js,41zFN9UysJL.js,51bqZ2XqJyL.js,31XO9BO1OrL.js,11lw6J7z8iL.js,31NSDarX4TL.js,01VYGE8lGhL.js_.js?AUIClients/NavDesktopUberAsset#desktop.language-en.in.1173925-T1.1089549-T1.1051334-T1.1195494-T1.1126664-T1.310484-T1.1179039-T1.1172084-T1.1195549-T1:135:173

Dynamically enable window occlusion 1
]]></system-err>
  </testcase>
</testsuite>