<?xml version="1.0" encoding="UTF-8"?>
<testng-results ignored="0" total="1" passed="1" failed="0" skipped="0">
  <reporter-output>
  </reporter-output>
  <suite started-at="2025-04-18T20:28:15 IST" name="All Test Suite" finished-at="2025-04-18T20:30:09 IST" duration-ms="113932">
    <groups>
    </groups>
    <test started-at="2025-04-18T20:28:15 IST" name="C:/Users/gyana/IdeaProjects/CICDPipelineTest/src/test/java/AMZEcommerceTest/AMZONReviewTestMozila.java" finished-at="2025-04-18T20:30:09 IST" duration-ms="113932">
      <class name="AMZEcommerceTest.AMZONReviewTestMozila">
        <test-method signature="landonpageM()[pri:0, instance:AMZEcommerceTest.AMZONReviewTestMozila@306cf3ea]" started-at="2025-04-18T20:28:15 IST" name="landonpageM" finished-at="2025-04-18T20:30:09 IST" duration-ms="113820" status="PASS">
          <reporter-output>
          </reporter-output>
        </test-method> <!-- landonpageM -->
      </class> <!-- AMZEcommerceTest.AMZONReviewTestMozila -->
    </test> <!-- C:/Users/gyana/IdeaProjects/CICDPipelineTest/src/test/java/AMZEcommerceTest/AMZONReviewTestMozila.java -->
  </suite> <!-- All Test Suite -->
</testng-results>
